# JRE version: Java(TM) SE Runtime Environment (14.0+36) (build 14+36-1461)
# Java VM: Java HotSpot(TM) 64-Bit Server VM (14+36-1461, mixed mode, sharing, tiered, compressed oops, g1 gc, windows-amd64)
Heap:
 garbage-first heap   total 87040K, used 41336K [0x00000000c4200000, 0x0000000100000000)
  region size 1024K, 12 young (12288K), 1 survivors (1024K)
 Metaspace       used 25808K, capacity 26231K, committed 26496K, reserved 1073152K
  class space    used 2719K, capacity 2900K, committed 2944K, reserved 1048576K
GC Heap History (20 events):
Event: 35717.474 GC heap before
{Heap before GC invocations=106 (full 0):
 garbage-first heap   total 76800K, used 58731K [0x00000000c4200000, 0x0000000100000000)
  region size 1024K, 27 young (27648K), 1 survivors (1024K)
 Metaspace       used 25387K, capacity 25809K, committed 25984K, reserved 1073152K
  class space    used 2676K, capacity 2842K, committed 2944K, reserved 1048576K
}
Event: 35717.483 GC heap after
{Heap after GC invocations=107 (full 0):
 garbage-first heap   total 76800K, used 35535K [0x00000000c4200000, 0x0000000100000000)
  region size 1024K, 3 young (3072K), 3 survivors (3072K)
 Metaspace       used 25387K, capacity 25809K, committed 25984K, reserved 1073152K
  class space    used 2676K, capacity 2842K, committed 2944K, reserved 1048576K
}
Event: 36034.656 GC heap before
{Heap before GC invocations=108 (full 0):
 garbage-first heap   total 76800K, used 59087K [0x00000000c4200000, 0x0000000100000000)
  region size 1024K, 27 young (27648K), 3 survivors (3072K)
 Metaspace       used 25468K, capacity 25967K, committed 26240K, reserved 1073152K
  class space    used 2691K, capacity 2867K, committed 2944K, reserved 1048576K
}
Event: 36034.725 GC heap after
{Heap after GC invocations=109 (full 0):
 garbage-first heap   total 76800K, used 37444K [0x00000000c4200000, 0x0000000100000000)
  region size 1024K, 3 young (3072K), 3 survivors (3072K)
 Metaspace       used 25468K, capacity 25967K, committed 26240K, reserved 1073152K
  class space    used 2691K, capacity 2867K, committed 2944K, reserved 1048576K
}
Event: 36598.082 GC heap before
{Heap before GC invocations=109 (full 0):
 garbage-first heap   total 76800K, used 44612K [0x00000000c4200000, 0x0000000100000000)
  region size 1024K, 11 young (11264K), 3 survivors (3072K)
 Metaspace       used 25511K, capacity 25968K, committed 26240K, reserved 1073152K
  class space    used 2691K, capacity 2867K, committed 2944K, reserved 1048576K
}
Event: 36598.113 GC heap after
{Heap after GC invocations=110 (full 0):
 garbage-first heap   total 76800K, used 37890K [0x00000000c4200000, 0x0000000100000000)
  region size 1024K, 3 young (3072K), 3 survivors (3072K)
 Metaspace       used 25511K, capacity 25968K, committed 26240K, reserved 1073152K
  class space    used 2691K, capacity 2867K, committed 2944K, reserved 1048576K
}
Event: 36600.719 GC heap before
{Heap before GC invocations=111 (full 0):
 garbage-first heap   total 76800K, used 50178K [0x00000000c4200000, 0x0000000100000000)
  region size 1024K, 12 young (12288K), 3 survivors (3072K)
 Metaspace       used 25788K, capacity 26277K, committed 26496K, reserved 1073152K
  class space    used 2732K, capacity 2927K, committed 2944K, reserved 1048576K
}
Event: 36600.726 GC heap after
{Heap after GC invocations=112 (full 0):
 garbage-first heap   total 76800K, used 41339K [0x00000000c4200000, 0x0000000100000000)
  region size 1024K, 2 young (2048K), 2 survivors (2048K)
 Metaspace       used 25788K, capacity 26277K, committed 26496K, reserved 1073152K
  class space    used 2732K, capacity 2927K, committed 2944K, reserved 1048576K
}
Event: 36659.541 GC heap before
{Heap before GC invocations=113 (full 0):
 garbage-first heap   total 82944K, used 82299K [0x00000000c4200000, 0x0000000100000000)
  region size 1024K, 22 young (22528K), 2 survivors (2048K)
 Metaspace       used 25825K, capacity 26341K, committed 26496K, reserved 1073152K
  class space    used 2732K, capacity 2927K, committed 2944K, reserved 1048576K
}
Event: 36659.556 GC heap after
{Heap after GC invocations=114 (full 0):
 garbage-first heap   total 86016K, used 62552K [0x00000000c4200000, 0x0000000100000000)
  region size 1024K, 3 young (3072K), 3 survivors (3072K)
 Metaspace       used 25825K, capacity 26341K, committed 26496K, reserved 1073152K
  class space    used 2732K, capacity 2927K, committed 2944K, reserved 1048576K
}
Event: 36684.545 GC heap before
{Heap before GC invocations=114 (full 0):
 garbage-first heap   total 86016K, used 63576K [0x00000000c4200000, 0x0000000100000000)
  region size 1024K, 4 young (4096K), 3 survivors (3072K)
 Metaspace       used 25825K, capacity 26341K, committed 26496K, reserved 1073152K
  class space    used 2732K, capacity 2927K, committed 2944K, reserved 1048576K
}
Event: 36684.552 GC heap after
{Heap after GC invocations=115 (full 0):
 garbage-first heap   total 86016K, used 37180K [0x00000000c4200000, 0x0000000100000000)
  region size 1024K, 1 young (1024K), 1 survivors (1024K)
 Metaspace       used 25825K, capacity 26341K, committed 26496K, reserved 1073152K
  class space    used 2732K, capacity 2927K, committed 2944K, reserved 1048576K
}
Event: 38150.077 GC heap before
{Heap before GC invocations=115 (full 0):
 garbage-first heap   total 86016K, used 58684K [0x00000000c4200000, 0x0000000100000000)
  region size 1024K, 23 young (23552K), 1 survivors (1024K)
 Metaspace       used 25857K, capacity 26351K, committed 26496K, reserved 1073152K
  class space    used 2736K, capacity 2931K, committed 2944K, reserved 1048576K
}
Event: 38150.130 GC heap after
{Heap after GC invocations=116 (full 0):
 garbage-first heap   total 86016K, used 37086K [0x00000000c4200000, 0x0000000100000000)
  region size 1024K, 1 young (1024K), 1 survivors (1024K)
 Metaspace       used 25857K, capacity 26351K, committed 26496K, reserved 1073152K
  class space    used 2736K, capacity 2931K, committed 2944K, reserved 1048576K
}
Event: 38653.169 GC heap before
{Heap before GC invocations=117 (full 0):
 garbage-first heap   total 86016K, used 84190K [0x00000000c4200000, 0x0000000100000000)
  region size 1024K, 30 young (30720K), 1 survivors (1024K)
 Metaspace       used 25791K, capacity 26231K, committed 26496K, reserved 1073152K
  class space    used 2719K, capacity 2900K, committed 2944K, reserved 1048576K
}
Event: 38653.230 GC heap after
{Heap after GC invocations=118 (full 0):
 garbage-first heap   total 87040K, used 55251K [0x00000000c4200000, 0x0000000100000000)
  region size 1024K, 1 young (1024K), 1 survivors (1024K)
 Metaspace       used 25791K, capacity 26231K, committed 26496K, reserved 1073152K
  class space    used 2719K, capacity 2900K, committed 2944K, reserved 1048576K
}
Event: 38653.386 GC heap before
{Heap before GC invocations=118 (full 0):
 garbage-first heap   total 87040K, used 58323K [0x00000000c4200000, 0x0000000100000000)
  region size 1024K, 4 young (4096K), 1 survivors (1024K)
 Metaspace       used 25803K, capacity 26231K, committed 26496K, reserved 1073152K
  class space    used 2719K, capacity 2900K, committed 2944K, reserved 1048576K
}
Event: 38653.488 GC heap after
{Heap after GC invocations=119 (full 0):
 garbage-first heap   total 87040K, used 37231K [0x00000000c4200000, 0x0000000100000000)
  region size 1024K, 1 young (1024K), 1 survivors (1024K)
 Metaspace       used 25803K, capacity 26231K, committed 26496K, reserved 1073152K
  class space    used 2719K, capacity 2900K, committed 2944K, reserved 1048576K
}
Event: 41551.862 GC heap before
{Heap before GC invocations=119 (full 0):
 garbage-first heap   total 87040K, used 41327K [0x00000000c4200000, 0x0000000100000000)
  region size 1024K, 6 young (6144K), 1 survivors (1024K)
 Metaspace       used 25808K, capacity 26231K, committed 26496K, reserved 1073152K
  class space    used 2719K, capacity 2900K, committed 2944K, reserved 1048576K
}
Event: 41551.934 GC heap after
{Heap after GC invocations=120 (full 0):
 garbage-first heap   total 87040K, used 37240K [0x00000000c4200000, 0x0000000100000000)
  region size 1024K, 1 young (1024K), 1 survivors (1024K)
 Metaspace       used 25808K, capacity 26231K, committed 26496K, reserved 1073152K
  class space    used 2719K, capacity 2900K, committed 2944K, reserved 1048576K
}

