# JRE version: Java(TM) SE Runtime Environment (14.0+36) (build 14+36-1461)
# Java VM: Java HotSpot(TM) 64-Bit Server VM (14+36-1461, mixed mode, sharing, tiered, compressed oops, g1 gc, windows-amd64)
Heap:
 garbage-first heap   total 61440K, used 27583K [0x00000000c4200000, 0x0000000100000000)
  region size 1024K, 7 young (7168K), 3 survivors (3072K)
 Metaspace       used 21386K, capacity 21788K, committed 22140K, reserved 1069056K
  class space    used 2449K, capacity 2641K, committed 2688K, reserved 1048576K
GC Heap History (10 events):
Event: 0.818 GC heap before
{Heap before GC invocations=0 (full 0):
 garbage-first heap   total 61440K, used 21504K [0x00000000c4200000, 0x0000000100000000)
  region size 1024K, 13 young (13312K), 0 survivors (0K)
 Metaspace       used 9250K, capacity 9513K, committed 9728K, reserved 1058816K
  class space    used 1137K, capacity 1263K, committed 1280K, reserved 1048576K
}
Event: 0.824 GC heap after
{Heap after GC invocations=1 (full 0):
 garbage-first heap   total 61440K, used 14182K [0x00000000c4200000, 0x0000000100000000)
  region size 1024K, 2 young (2048K), 2 survivors (2048K)
 Metaspace       used 9250K, capacity 9513K, committed 9728K, reserved 1058816K
  class space    used 1137K, capacity 1263K, committed 1280K, reserved 1048576K
}
Event: 2.773 GC heap before
{Heap before GC invocations=1 (full 0):
 garbage-first heap   total 61440K, used 31590K [0x00000000c4200000, 0x0000000100000000)
  region size 1024K, 14 young (14336K), 2 survivors (2048K)
 Metaspace       used 11856K, capacity 12204K, committed 12416K, reserved 1060864K
  class space    used 1412K, capacity 1564K, committed 1664K, reserved 1048576K
}
Event: 2.777 GC heap after
{Heap after GC invocations=2 (full 0):
 garbage-first heap   total 61440K, used 21812K [0x00000000c4200000, 0x0000000100000000)
  region size 1024K, 2 young (2048K), 2 survivors (2048K)
 Metaspace       used 11856K, capacity 12204K, committed 12416K, reserved 1060864K
  class space    used 1412K, capacity 1564K, committed 1664K, reserved 1048576K
}
Event: 9.345 GC heap before
{Heap before GC invocations=2 (full 0):
 garbage-first heap   total 61440K, used 39220K [0x00000000c4200000, 0x0000000100000000)
  region size 1024K, 16 young (16384K), 2 survivors (2048K)
 Metaspace       used 12687K, capacity 12982K, committed 13184K, reserved 1060864K
  class space    used 1467K, capacity 1570K, committed 1664K, reserved 1048576K
}
Event: 9.350 GC heap after
{Heap after GC invocations=3 (full 0):
 garbage-first heap   total 61440K, used 27738K [0x00000000c4200000, 0x0000000100000000)
  region size 1024K, 2 young (2048K), 2 survivors (2048K)
 Metaspace       used 12687K, capacity 12982K, committed 13184K, reserved 1060864K
  class space    used 1467K, capacity 1570K, committed 1664K, reserved 1048576K
}
Event: 304.411 GC heap before
{Heap before GC invocations=3 (full 0):
 garbage-first heap   total 61440K, used 43098K [0x00000000c4200000, 0x0000000100000000)
  region size 1024K, 17 young (17408K), 2 survivors (2048K)
 Metaspace       used 13187K, capacity 13526K, committed 13696K, reserved 1060864K
  class space    used 1490K, capacity 1602K, committed 1664K, reserved 1048576K
}
Event: 304.444 GC heap after
{Heap after GC invocations=4 (full 0):
 garbage-first heap   total 61440K, used 28031K [0x00000000c4200000, 0x0000000100000000)
  region size 1024K, 1 young (1024K), 1 survivors (1024K)
 Metaspace       used 13187K, capacity 13526K, committed 13696K, reserved 1060864K
  class space    used 1490K, capacity 1602K, committed 1664K, reserved 1048576K
}
Event: 305.447 GC heap before
{Heap before GC invocations=4 (full 0):
 garbage-first heap   total 61440K, used 43391K [0x00000000c4200000, 0x0000000100000000)
  region size 1024K, 17 young (17408K), 1 survivors (1024K)
 Metaspace       used 20712K, capacity 21098K, committed 21248K, reserved 1069056K
  class space    used 2364K, capacity 2540K, committed 2560K, reserved 1048576K
}
Event: 305.455 GC heap after
{Heap after GC invocations=5 (full 0):
 garbage-first heap   total 61440K, used 30655K [0x00000000c4200000, 0x0000000100000000)
  region size 1024K, 3 young (3072K), 3 survivors (3072K)
 Metaspace       used 20712K, capacity 21098K, committed 21248K, reserved 1069056K
  class space    used 2364K, capacity 2540K, committed 2560K, reserved 1048576K
}

