# JRE version: Java(TM) SE Runtime Environment (14.0+36) (build 14+36-1461)
# Java VM: Java HotSpot(TM) 64-Bit Server VM (14+36-1461, mixed mode, sharing, tiered, compressed oops, g1 gc, windows-amd64)
Heap:
 garbage-first heap   total 61440K, used 27357K [0x00000000c4200000, 0x0000000100000000)
  region size 1024K, 7 young (7168K), 3 survivors (3072K)
 Metaspace       used 21404K, capacity 21844K, committed 22140K, reserved 1069056K
  class space    used 2450K, capacity 2641K, committed 2688K, reserved 1048576K
GC Heap History (10 events):
Event: 1.625 GC heap before
{Heap before GC invocations=0 (full 0):
 garbage-first heap   total 61440K, used 21504K [0x00000000c4200000, 0x0000000100000000)
  region size 1024K, 13 young (13312K), 0 survivors (0K)
 Metaspace       used 9300K, capacity 9567K, committed 9728K, reserved 1058816K
  class space    used 1137K, capacity 1263K, committed 1280K, reserved 1048576K
}
Event: 1.635 GC heap after
{Heap after GC invocations=1 (full 0):
 garbage-first heap   total 61440K, used 13833K [0x00000000c4200000, 0x0000000100000000)
  region size 1024K, 2 young (2048K), 2 survivors (2048K)
 Metaspace       used 9300K, capacity 9567K, committed 9728K, reserved 1058816K
  class space    used 1137K, capacity 1263K, committed 1280K, reserved 1048576K
}
Event: 151.086 GC heap before
{Heap before GC invocations=1 (full 0):
 garbage-first heap   total 61440K, used 31241K [0x00000000c4200000, 0x0000000100000000)
  region size 1024K, 14 young (14336K), 2 survivors (2048K)
 Metaspace       used 11920K, capacity 12258K, committed 12416K, reserved 1060864K
  class space    used 1412K, capacity 1564K, committed 1664K, reserved 1048576K
}
Event: 151.124 GC heap after
{Heap after GC invocations=2 (full 0):
 garbage-first heap   total 61440K, used 21543K [0x00000000c4200000, 0x0000000100000000)
  region size 1024K, 2 young (2048K), 2 survivors (2048K)
 Metaspace       used 11920K, capacity 12258K, committed 12416K, reserved 1060864K
  class space    used 1412K, capacity 1564K, committed 1664K, reserved 1048576K
}
Event: 155.745 GC heap before
{Heap before GC invocations=2 (full 0):
 garbage-first heap   total 61440K, used 38951K [0x00000000c4200000, 0x0000000100000000)
  region size 1024K, 16 young (16384K), 2 survivors (2048K)
 Metaspace       used 12658K, capacity 12969K, committed 13184K, reserved 1060864K
  class space    used 1458K, capacity 1569K, committed 1664K, reserved 1048576K
}
Event: 155.753 GC heap after
{Heap after GC invocations=3 (full 0):
 garbage-first heap   total 61440K, used 27446K [0x00000000c4200000, 0x0000000100000000)
  region size 1024K, 2 young (2048K), 2 survivors (2048K)
 Metaspace       used 12658K, capacity 12969K, committed 13184K, reserved 1060864K
  class space    used 1458K, capacity 1569K, committed 1664K, reserved 1048576K
}
Event: 259.652 GC heap before
{Heap before GC invocations=3 (full 0):
 garbage-first heap   total 61440K, used 43830K [0x00000000c4200000, 0x0000000100000000)
  region size 1024K, 18 young (18432K), 2 survivors (2048K)
 Metaspace       used 13611K, capacity 13983K, committed 14080K, reserved 1060864K
  class space    used 1539K, capacity 1717K, committed 1792K, reserved 1048576K
}
Event: 259.672 GC heap after
{Heap after GC invocations=4 (full 0):
 garbage-first heap   total 61440K, used 28134K [0x00000000c4200000, 0x0000000100000000)
  region size 1024K, 1 young (1024K), 1 survivors (1024K)
 Metaspace       used 13611K, capacity 13983K, committed 14080K, reserved 1060864K
  class space    used 1539K, capacity 1717K, committed 1792K, reserved 1048576K
}
Event: 260.616 GC heap before
{Heap before GC invocations=4 (full 0):
 garbage-first heap   total 61440K, used 41446K [0x00000000c4200000, 0x0000000100000000)
  region size 1024K, 15 young (15360K), 1 survivors (1024K)
 Metaspace       used 20713K, capacity 21153K, committed 21248K, reserved 1069056K
  class space    used 2364K, capacity 2540K, committed 2560K, reserved 1048576K
}
Event: 260.622 GC heap after
{Heap after GC invocations=5 (full 0):
 garbage-first heap   total 61440K, used 30429K [0x00000000c4200000, 0x0000000100000000)
  region size 1024K, 3 young (3072K), 3 survivors (3072K)
 Metaspace       used 20713K, capacity 21153K, committed 21248K, reserved 1069056K
  class space    used 2364K, capacity 2540K, committed 2560K, reserved 1048576K
}

